[2025-07-15 12:45:35] INFO  TC_001_AccountRegistration:28 - Browser
[2025-07-15 12:45:40] INFO  TC_001_AccountRegistration:39 - Maximized browser window
[2025-07-15 12:45:40] INFO  TC_001_AccountRegistration:39 - Maximized browser window
[2025-07-15 12:45:41] INFO  TC_001_AccountRegistration:42 - Navigated to TutorialsNinja Home Page
[2025-07-15 12:45:41] INFO  TC_001_AccountRegistration:15 - *******TC001_AccountRegistrationtest *******
[2025-07-15 12:45:41] INFO  TC_001_AccountRegistration:42 - Navigated to TutorialsNinja Home Page
[2025-07-15 12:45:41] INFO  TC_001_AccountRegistration:15 - *******TC001_AccountRegistrationtest *******
[2025-07-15 12:45:42] INFO  TC_001_AccountRegistration:21 - clicked on my account link
[2025-07-15 12:45:42] INFO  TC_001_AccountRegistration:21 - clicked on my account link
[2025-07-15 12:45:45] INFO  TC_001_AccountRegistration:39 - Maximized browser window
[2025-07-15 12:45:47] INFO  TC_001_AccountRegistration:42 - Navigated to TutorialsNinja Home Page
[2025-07-15 12:45:47] INFO  TC_001_AccountRegistration:15 - *******TC001_AccountRegistrationtest *******
[2025-07-15 12:45:47] INFO  TC_001_AccountRegistration:21 - clicked on my account link
[2025-07-15 12:45:47] INFO  TC_001_AccountRegistration:23 - clicked on register link
[2025-07-15 12:45:48] DEBUG TC_001_AccountRegistration:65 - Generated password: wfYlZhMSdm
[2025-07-15 12:45:48] INFO  TC_001_AccountRegistration:28 - providing customer details
[2025-07-15 12:45:48] DEBUG TC_001_AccountRegistration:53 - Generated random string: gSKMi
[2025-07-15 12:45:48] DEBUG TC_001_AccountRegistration:53 - Generated random string: LdlBB
[2025-07-15 12:45:48] DEBUG TC_001_AccountRegistration:53 - Generated random string: AudrI
[2025-07-15 12:45:48] DEBUG TC_001_AccountRegistration:59 - Generated phone number: 0025851777
[2025-07-15 12:45:49] INFO  TC_001_AccountRegistration:39 - validating expected message
[2025-07-15 12:45:49] INFO  TC_001_AccountRegistration:54 - ******* Finished TC001_AccountRegistrationTest *******
[2025-07-15 12:45:49] INFO  TC_001_AccountRegistration:47 - Closing browser
[2025-07-15 12:45:58] INFO  TC_001_AccountRegistration:47 - Closing browser
[2025-07-15 12:46:13] INFO  TC_001_AccountRegistration:47 - Closing browser
