[2025-07-17 09:36:17] INFO  TC_001_AccountRegistration:35 - Browser
[2025-07-17 09:36:20] INFO  TC_001_AccountRegistration:47 - Maximized browser window
[2025-07-17 09:36:20] INFO  TC_001_AccountRegistration:50 - Navigated to TutorialsNinja Home Page
[2025-07-17 09:36:20] INFO  TC_001_AccountRegistration:15 - *******TC001_AccountRegistrationtest *******
[2025-07-17 09:36:21] INFO  TC_001_AccountRegistration:21 - clicked on my account link
[2025-07-17 09:36:21] INFO  TC_001_AccountRegistration:23 - clicked on register link
[2025-07-17 09:36:21] DEBUG TC_001_AccountRegistration:73 - Generated password: TWi21i4u4Y
[2025-07-17 09:36:21] INFO  TC_001_AccountRegistration:28 - providing customer details
[2025-07-17 09:36:21] DEBUG TC_001_AccountRegistration:61 - Generated random string: pBJsQ
[2025-07-17 09:36:21] DEBUG TC_001_AccountRegistration:61 - Generated random string: iOAPa
[2025-07-17 09:36:22] DEBUG TC_001_AccountRegistration:61 - Generated random string: DPxCM
[2025-07-17 09:36:22] DEBUG TC_001_AccountRegistration:67 - Generated phone number: 7061254319
[2025-07-17 09:36:23] INFO  TC_001_AccountRegistration:39 - validating expected message
[2025-07-17 09:36:23] INFO  TC_001_AccountRegistration:54 - ******* Finished TC001_AccountRegistrationTest *******
[2025-07-17 09:36:23] INFO  TC_001_AccountRegistration:55 - Closing browser
[2025-07-17 09:36:24] INFO  TC_002_Login:35 - Browser
[2025-07-17 09:36:25] INFO  TC_002_Login:47 - Maximized browser window
[2025-07-17 09:36:26] INFO  TC_002_Login:50 - Navigated to TutorialsNinja Home Page
[2025-07-17 09:36:26] INFO  TC_002_Login:17 - ********* Starting TC_002_Login **********
[2025-07-17 09:36:28] INFO  TC_002_Login:40 - ********* completed TC_002_Login **********
[2025-07-17 09:36:28] INFO  TC_002_Login:55 - Closing browser
