[2025-07-17 14:00:38] INFO  TC_001_AccountRegistration:35 - Browser
[2025-07-17 14:00:41] INFO  TC_001_AccountRegistration:47 - Maximized browser window
[2025-07-17 14:00:42] INFO  TC_001_AccountRegistration:50 - Navigated to TutorialsNinja Home Page
[2025-07-17 14:00:42] INFO  TC_001_AccountRegistration:15 - *******TC001_AccountRegistrationtest *******
[2025-07-17 14:00:42] INFO  TC_001_AccountRegistration:21 - clicked on my account link
[2025-07-17 14:00:42] INFO  TC_001_AccountRegistration:23 - clicked on register link
[2025-07-17 14:00:42] DEBUG TC_001_AccountRegistration:73 - Generated password: QFDvcFA3PB
[2025-07-17 14:00:42] INFO  TC_001_AccountRegistration:28 - providing customer details
[2025-07-17 14:00:42] DEBUG TC_001_AccountRegistration:61 - Generated random string: ZnrkQ
[2025-07-17 14:00:43] DEBUG TC_001_AccountRegistration:61 - Generated random string: FxKxi
[2025-07-17 14:00:43] DEBUG TC_001_AccountRegistration:61 - Generated random string: lenWj
[2025-07-17 14:00:43] DEBUG TC_001_AccountRegistration:67 - Generated phone number: 3897163994
[2025-07-17 14:00:44] INFO  TC_001_AccountRegistration:39 - validating expected message
[2025-07-17 14:00:44] INFO  TC_001_AccountRegistration:54 - ******* Finished TC001_AccountRegistrationTest *******
[2025-07-17 14:00:44] INFO  TC_001_AccountRegistration:55 - Closing browser
[2025-07-17 14:00:45] INFO  TC_002_Login:35 - Browser
[2025-07-17 14:00:46] INFO  TC_002_Login:47 - Maximized browser window
[2025-07-17 14:00:48] INFO  TC_002_Login:50 - Navigated to TutorialsNinja Home Page
[2025-07-17 14:00:48] INFO  TC_002_Login:17 - ********* Starting TC_002_Login **********
[2025-07-17 14:00:50] INFO  TC_002_Login:40 - ********* completed TC_002_Login **********
[2025-07-17 14:00:50] INFO  TC_002_Login:55 - Closing browser
