[2025-07-19 10:03:23] INFO  TC_001_AccountRegistration:43 - Browser
[2025-07-19 10:03:24] INFO  TC_001_AccountRegistration:96 - Maximized browser window
[2025-07-19 10:03:26] INFO  TC_001_AccountRegistration:99 - Navigated to TutorialsNinja Home Page
[2025-07-19 10:03:26] INFO  TC_001_AccountRegistration:15 - *******TC001_AccountRegistrationtest *******
[2025-07-19 10:03:26] INFO  TC_001_AccountRegistration:21 - clicked on my account link
[2025-07-19 10:03:26] INFO  TC_001_AccountRegistration:23 - clicked on register link
[2025-07-19 10:03:26] DEBUG TC_001_AccountRegistration:135 - Generated password: hAaFB3Emyn
[2025-07-19 10:03:26] INFO  TC_001_AccountRegistration:28 - providing customer details
[2025-07-19 10:03:26] DEBUG TC_001_AccountRegistration:117 - Generated random string: dEtTK
[2025-07-19 10:03:26] DEBUG TC_001_AccountRegistration:117 - Generated random string: DEJkD
[2025-07-19 10:03:27] DEBUG TC_001_AccountRegistration:117 - Generated random string: yfNYk
[2025-07-19 10:03:27] DEBUG TC_001_AccountRegistration:126 - Generated phone number: 8205469936
[2025-07-19 10:03:28] INFO  TC_001_AccountRegistration:39 - validating expected message
[2025-07-19 10:03:28] INFO  TC_001_AccountRegistration:54 - ******* Finished TC001_AccountRegistrationTest *******
[2025-07-19 10:03:28] INFO  TC_001_AccountRegistration:108 - Closing browser
[2025-07-19 10:03:28] INFO  TC_002_Login:43 - Browser
[2025-07-19 10:03:29] INFO  TC_002_Login:96 - Maximized browser window
[2025-07-19 10:03:30] INFO  TC_002_Login:99 - Navigated to TutorialsNinja Home Page
[2025-07-19 10:03:30] INFO  TC_002_Login:17 - ********* Starting TC_002_Login **********
[2025-07-19 10:03:31] INFO  TC_002_Login:40 - ********* completed TC_002_Login **********
[2025-07-19 10:03:31] INFO  TC_002_Login:108 - Closing browser
